g:\imgd\game engine of df\game0\vs-2013\debug\vc120.pdb
g:\imgd\game engine of df\game0\vs-2013\debug\vc120.idb
g:\imgd\game engine of df\game0\vs-2013\debug\game.obj
g:\imgd\game engine of df\game0\vs-2013\debug\vc140.pdb
g:\imgd\game engine of df\game0\vs-2013\debug\saucer.obj
g:\imgd\game engine of df\game0\vs-2013\debug\logmanager.obj
g:\imgd\game engine of df\game0\vs-2013\debug\logmanager2.obj
g:\imgd\game engine of df\game0\vs-2013\debug\clock.obj
g:\imgd\game engine of df\game0\vs-2013\debug\gamemanager2.obj
g:\imgd\game engine of df\game0\vs-2013\debug\s_color.obj
g:\imgd\game engine of df\game0\vs-2013\debug\s_object.obj
g:\imgd\game engine of df\game0\vs-2013\debug\objectlistiterator2.obj
g:\imgd\game engine of df\game0\vs-2013\debug\position.obj
g:\imgd\game engine of df\game0\vs-2013\debug\s_event.obj
g:\imgd\game engine of df\game0\vs-2013\debug\s_eventstep.obj
g:\imgd\game engine of df\game0\vs-2013\debug\s_graphicsmanager.obj
g:\imgd\game engine of df\game0\vs-2013\debug\s_worldmanager.obj
g:\imgd\game engine of df\game0\vs-2013\debug\s_manager.obj
g:\imgd\game engine of df\game0\vs-2013\debug\objectlist2.obj
g:\imgd\game engine of df\game0\vs-2013\debug\s_eventkeyboard.obj
g:\imgd\game engine of df\game0\vs-2013\debug\s_utility.obj
g:\imgd\game engine of df\game0\vs-2013\debug\s_inputmanager.obj
g:\imgd\game engine of df\game0\vs-2013\debug\s_eventcollision.obj
g:\imgd\game engine of df\game0\vs-2013\debug\s_eventout.obj
g:\imgd\game engine of df\game0\vs-2013\debug\s_frame.obj
g:\imgd\game engine of df\game0\vs-2013\debug\s_sprite.obj
g:\imgd\game engine of df\game0\vs-2013\debug\vc140.idb
g:\imgd\game engine of df\game0\vs-2013\debug\s_resourcemanager.obj
g:\imgd\game engine of df\game0\vs-2013\debug\s_box.obj
g:\imgd\game engine of df\game0\vs-2013\debug\s_music.obj
g:\imgd\game engine of df\game0\vs-2013\debug\s_sound.obj
g:\imgd\game engine of df\game0\vs-2013\debug\game.pdb
g:\imgd\game engine of df\game0\vs-2013\debug\game.tlog\cl.command.1.tlog
g:\imgd\game engine of df\game0\vs-2013\debug\game.tlog\cl.read.1.tlog
g:\imgd\game engine of df\game0\vs-2013\debug\game.tlog\cl.write.1.tlog
g:\imgd\game engine of df\game0\vs-2013\debug\game.tlog\link-cvtres.read.1.tlog
g:\imgd\game engine of df\game0\vs-2013\debug\game.tlog\link-cvtres.write.1.tlog
g:\imgd\game engine of df\game0\vs-2013\debug\game.tlog\link-rc.read.1.tlog
g:\imgd\game engine of df\game0\vs-2013\debug\game.tlog\link-rc.write.1.tlog
g:\imgd\game engine of df\game0\vs-2013\debug\game.tlog\link.command.1.tlog
g:\imgd\game engine of df\game0\vs-2013\debug\game.tlog\link.read.1.tlog
g:\imgd\game engine of df\game0\vs-2013\debug\game.tlog\link.write.1.tlog
