  s_WorldManager.cpp
  s_Utility.cpp
  s_Sprite.cpp
g:\imgd\game engine of df\client\vs-2013\s_Music.h(13): warning C4227: anachronism used : qualifiers on reference are ignored
g:\imgd\game engine of df\client\vs-2013\s_Music.h(14): warning C4227: anachronism used : qualifiers on reference are ignored
  s_Sound.cpp
  s_ResourceManager.cpp
g:\imgd\game engine of df\client\vs-2013\s_Music.h(13): warning C4227: anachronism used : qualifiers on reference are ignored
g:\imgd\game engine of df\client\vs-2013\s_Music.h(14): warning C4227: anachronism used : qualifiers on reference are ignored
  s_EventStep.cpp
  s_Event.cpp
  Saucer.cpp
g:\imgd\game engine of df\client\vs-2013\s_Music.h(13): warning C4227: anachronism used : qualifiers on reference are ignored
g:\imgd\game engine of df\client\vs-2013\s_Music.h(14): warning C4227: anachronism used : qualifiers on reference are ignored
Saucer.cpp(7): warning C4067: unexpected tokens following preprocessor directive - expected a newline
  Position.cpp
  ObjectListIterator2.cpp
  ObjectList2.cpp
  s_Object.cpp
  s_NetworkManager.cpp
g:\imgd\game engine of df\client\vs-2013\s_NetworkManager.h(5): warning C4081: expected '('; found 'newline'
s_NetworkManager.cpp(116): warning C4244: 'return' : conversion from 'const SOCKET' to 'int', possible loss of data
s_NetworkManager.cpp(181): warning C4101: 'graphic_packet' : unreferenced local variable
  s_Music.cpp
g:\imgd\game engine of df\client\vs-2013\s_Music.h(13): warning C4227: anachronism used : qualifiers on reference are ignored
g:\imgd\game engine of df\client\vs-2013\s_Music.h(14): warning C4227: anachronism used : qualifiers on reference are ignored
  s_Manager.cpp
  s_InputManager.cpp
g:\imgd\game engine of df\client\vs-2013\s_NetworkManager.h(5): warning C4081: expected '('; found 'newline'
s_InputManager.cpp(48): warning C4101: 'noEve' : unreferenced local variable
  s_GraphicsManager.cpp
g:\imgd\game engine of df\client\vs-2013\s_NetworkManager.h(5): warning C4081: expected '('; found 'newline'
s_GraphicsManager.cpp(15): warning C4244: 'initializing' : conversion from 'int' to 'float', possible loss of data
s_GraphicsManager.cpp(22): warning C4244: 'initializing' : conversion from 'int' to 'float', possible loss of data
s_GraphicsManager.cpp(161): warning C4244: 'argument' : conversion from 'int' to 'float', possible loss of data
s_GraphicsManager.cpp(193): warning C4267: 'argument' : conversion from 'size_t' to 'int', possible loss of data
s_GraphicsManager.cpp(196): warning C4267: 'argument' : conversion from 'size_t' to 'int', possible loss of data
  s_Frame.cpp
  s_EventOut.cpp
  s_EventKeyBoard.cpp
  Generating Code...
g:\imgd\game engine of df\client\vs-2013\s_graphicsmanager.cpp(170): warning C4715: 'df::s_GraphicsManager::drawCh' : not all control paths return a value
g:\imgd\game engine of df\client\vs-2013\s_graphicsmanager.cpp(243): warning C4715: 'df::s_GraphicsManager::drawFrame' : not all control paths return a value
g:\imgd\game engine of df\client\vs-2013\s_resourcemanager.cpp(181): warning C4715: 'df::readFrame' : not all control paths return a value
  Compiling...
  s_EventCollision.cpp
  s_Color.cpp
  s_Box.cpp
  Logmanager2.cpp
Logmanager2.cpp(39): warning C4996: 'fopen': This function or variable may be unsafe. Consider using fopen_s instead. To disable deprecation, use _CRT_SECURE_NO_WARNINGS. See online help for details.
          C:\Program Files (x86)\Microsoft Visual Studio 12.0\VC\include\stdio.h(211) : see declaration of 'fopen'
Logmanager2.cpp(73): warning C4267: 'return' : conversion from 'size_t' to 'int', possible loss of data
Logmanager2.cpp(88): warning C4267: 'return' : conversion from 'size_t' to 'int', possible loss of data
Logmanager2.cpp(120): warning C4996: 'localtime': This function or variable may be unsafe. Consider using localtime_s instead. To disable deprecation, use _CRT_SECURE_NO_WARNINGS. See online help for details.
          C:\Program Files (x86)\Microsoft Visual Studio 12.0\VC\include\time.inl(112) : see declaration of 'localtime'
Logmanager2.cpp(125): warning C4996: 'sprintf': This function or variable may be unsafe. Consider using sprintf_s instead. To disable deprecation, use _CRT_SECURE_NO_WARNINGS. See online help for details.
          C:\Program Files (x86)\Microsoft Visual Studio 12.0\VC\include\stdio.h(356) : see declaration of 'sprintf'
  GameManager2.cpp
g:\imgd\game engine of df\client\vs-2013\s_NetworkManager.h(5): warning C4081: expected '('; found 'newline'
GameManager2.cpp(76): warning C4101: 'before_tm' : unreferenced local variable
  Clock.cpp
  game.cpp
g:\imgd\game engine of df\client\vs-2013\s_Music.h(13): warning C4227: anachronism used : qualifiers on reference are ignored
g:\imgd\game engine of df\client\vs-2013\s_Music.h(14): warning C4227: anachronism used : qualifiers on reference are ignored
g:\imgd\game engine of df\client\vs-2013\s_NetworkManager.h(5): warning C4081: expected '('; found 'newline'
  Generating Code...
sfml-window-d.lib(sfml-window-d-2.dll) : fatal error LNK1112: module machine type 'X86' conflicts with target machine type 'x64'
